#
# There is insufficient memory for the Java Runtime Environment to continue.
# Native memory allocation (mmap) failed to map 264241152 bytes for Failed to commit area from 0x0000000704a00000 to 0x0000000714600000 of length 264241152.
# Possible reasons:
#   The system is out of physical RAM or swap space
#   The process is running with CompressedOops enabled, and the Java Heap may be blocking the growth of the native heap
# Possible solutions:
#   Reduce memory load on the system
#   Increase physical memory or swap space
#   Check if swap backing store is full
#   Decrease Java heap size (-Xmx/-Xms)
#   Decrease number of Java threads
#   Decrease Java thread stack sizes (-Xss)
#   Set larger code cache with -XX:ReservedCodeCacheSize=
# This output file may be truncated or incomplete.
#
#  Out of Memory Error (c:/BuildAgent/work/5ff2f6c26000d570/src/hotspot/os/windows/os_windows.cpp:3291), pid=25180, tid=17788
#
# JRE version:  (11.0.5+10) (build )
# Java VM: OpenJDK 64-Bit Server VM (11.0.5+10-b520.30, mixed mode, aot, sharing, tiered, compressed oops, g1 gc, windows-amd64)
# No core dump will be written. Minidumps are not enabled by default on client versions of Windows
#

---------------  S U M M A R Y ------------

Command Line: org.jetbrains.git4idea.http.GitAskPassApp Username for 'https://gitlab.com': 

Host: Intel(R) Core(TM) i5-9400H CPU @ 2.50GHz, 8 cores, 15G,  Windows 10 , 64 bit Build 18362 (10.0.18362.1082)
Time: Fri Sep 25 09:30:34 2020 South Africa Standard Time elapsed time: 0 seconds (0d 0h 0m 0s)

---------------  T H R E A D  ---------------

Current thread (0x000002c3d7bbb800):  JavaThread "Unknown thread" [_thread_in_vm, id=17788, stack(0x000000f7f4600000,0x000000f7f4700000)]

Stack: [0x000000f7f4600000,0x000000f7f4700000]
Native frames: (J=compiled Java code, j=interpreted, Vv=VM code, C=native code)
V  [jvm.dll+0x5dcafa]
V  [jvm.dll+0x70e375]
V  [jvm.dll+0x70f898]
V  [jvm.dll+0x70ff63]
V  [jvm.dll+0x23e238]
V  [jvm.dll+0x5da1c4]
V  [jvm.dll+0x5cf265]
V  [jvm.dll+0x2fac3b]
V  [jvm.dll+0x2fabaa]
V  [jvm.dll+0x2faa82]
V  [jvm.dll+0x2ff956]
V  [jvm.dll+0x3480d3]
V  [jvm.dll+0x3487d6]
V  [jvm.dll+0x3481d3]
V  [jvm.dll+0x2d5548]
V  [jvm.dll+0x2d66e7]
V  [jvm.dll+0x6ed237]
V  [jvm.dll+0x6eea2c]
V  [jvm.dll+0x355849]
V  [jvm.dll+0x6d239e]
V  [jvm.dll+0x3be283]
V  [jvm.dll+0x3c0701]
C  [jli.dll+0x5363]
C  [ucrtbase.dll+0x20e82]
C  [KERNEL32.DLL+0x17bd4]
C  [ntdll.dll+0x6ce51]


---------------  P R O C E S S  ---------------

Threads class SMR info:
_java_thread_list=0x000002c3d5a172b0, length=0, elements={
}

Java Threads: ( => current thread )

Other Threads:
  0x000002c3d7bd4000 GCTaskThread "GC Thread#0" [stack: 0x000000f7f4700000,0x000000f7f4800000] [id=21584]
  0x000002c3d7c30000 ConcurrentGCThread "G1 Main Marker" [stack: 0x000000f7f4800000,0x000000f7f4900000] [id=3936]
  0x000002c3d7c31800 ConcurrentGCThread "G1 Conc#0" [stack: 0x000000f7f4900000,0x000000f7f4a00000] [id=15404]

[error occurred during error reporting (printing all threads), id 0xc0000005, EXCEPTION_ACCESS_VIOLATION (0xc0000005) at pc=0x00007ff80ebb5c17]

VM state:not at safepoint (not fully initialized)

VM Mutex/Monitor currently owned by a thread:  ([mutex/lock_event])
[0x000002c3d7bb74f0] Heap_lock - owner thread: 0x000002c3d7bbb800

Heap address: 0x0000000704a00000, size: 4022 MB, Compressed Oops mode: Non-zero based: 0x0000000704a00000
Narrow klass base: 0x0000000000000000, Narrow klass shift: 0

GC Heap History (0 events):
No events

Deoptimization events (0 events):
No events

Classes redefined (0 events):
No events

Internal exceptions (0 events):
No events

Events (0 events):
No events


Dynamic libraries:
0x00007ff6086b0000 - 0x00007ff6086ba000 	C:\Program Files\JetBrains\IntelliJ IDEA 2019.3.2\jbr\bin\java.exe
0x00007ff88de20000 - 0x00007ff88e010000 	C:\Windows\SYSTEM32\ntdll.dll
0x00007ff88d720000 - 0x00007ff88d7d2000 	C:\Windows\System32\KERNEL32.DLL
0x00007ff88b830000 - 0x00007ff88bad5000 	C:\Windows\System32\KERNELBASE.dll
0x00007ff88af00000 - 0x00007ff88affa000 	C:\Windows\System32\ucrtbase.dll
0x00007ff851750000 - 0x00007ff851769000 	C:\Program Files\JetBrains\IntelliJ IDEA 2019.3.2\jbr\bin\jli.dll
0x00007ff863b20000 - 0x00007ff863b37000 	C:\Program Files\JetBrains\IntelliJ IDEA 2019.3.2\jbr\bin\VCRUNTIME140.dll
0x00007ff88c760000 - 0x00007ff88c8f5000 	C:\Windows\System32\USER32.dll
0x00007ff88bc80000 - 0x00007ff88bca1000 	C:\Windows\System32\win32u.dll
0x00007ff86bc10000 - 0x00007ff86be94000 	C:\Windows\WinSxS\amd64_microsoft.windows.common-controls_6595b64144ccf1df_6.0.18362.1082_none_9e8193e1e45b25c1\COMCTL32.dll
0x00007ff88c1a0000 - 0x00007ff88c23e000 	C:\Windows\System32\msvcrt.dll
0x00007ff88c9a0000 - 0x00007ff88c9c6000 	C:\Windows\System32\GDI32.dll
0x00007ff88bae0000 - 0x00007ff88bc76000 	C:\Windows\System32\gdi32full.dll
0x00007ff88d930000 - 0x00007ff88dc65000 	C:\Windows\System32\combase.dll
0x00007ff88ade0000 - 0x00007ff88ae7e000 	C:\Windows\System32\msvcp_win.dll
0x00007ff88ccf0000 - 0x00007ff88ce10000 	C:\Windows\System32\RPCRT4.dll
0x00007ff88ae80000 - 0x00007ff88af00000 	C:\Windows\System32\bcryptPrimitives.dll
0x00007ff88c9d0000 - 0x00007ff88c9fe000 	C:\Windows\System32\IMM32.DLL
0x00007ff84b160000 - 0x00007ff84b1fd000 	C:\Program Files\JetBrains\IntelliJ IDEA 2019.3.2\jbr\bin\msvcp140.dll
0x00007ff80e8d0000 - 0x00007ff80f38b000 	C:\Program Files\JetBrains\IntelliJ IDEA 2019.3.2\jbr\bin\server\jvm.dll
0x00007ff88c080000 - 0x00007ff88c123000 	C:\Windows\System32\ADVAPI32.dll
0x00007ff88c900000 - 0x00007ff88c997000 	C:\Windows\System32\sechost.dll
0x00007ff88c190000 - 0x00007ff88c198000 	C:\Windows\System32\PSAPI.DLL
0x00007ff8737a0000 - 0x00007ff8737a9000 	C:\Windows\SYSTEM32\WSOCK32.dll
0x00007ff883140000 - 0x00007ff883164000 	C:\Windows\SYSTEM32\WINMM.dll
0x00007ff880df0000 - 0x00007ff880dfa000 	C:\Windows\SYSTEM32\VERSION.dll
0x00007ff88ca80000 - 0x00007ff88caef000 	C:\Windows\System32\WS2_32.dll
0x00007ff8830b0000 - 0x00007ff8830dd000 	C:\Windows\SYSTEM32\winmmbase.dll
0x00007ff88bd10000 - 0x00007ff88bd5a000 	C:\Windows\System32\cfgmgr32.dll
0x00007ff88acf0000 - 0x00007ff88ad01000 	C:\Windows\System32\kernel.appcore.dll
0x00007ff8618a0000 - 0x00007ff8618b1000 	C:\Program Files\JetBrains\IntelliJ IDEA 2019.3.2\jbr\bin\verify.dll
0x00007ff885d50000 - 0x00007ff885f44000 	C:\Windows\SYSTEM32\DBGHELP.DLL
0x00007ff8737b0000 - 0x00007ff8737da000 	C:\Windows\SYSTEM32\dbgcore.DLL
0x00007ff855930000 - 0x00007ff855959000 	C:\Program Files\JetBrains\IntelliJ IDEA 2019.3.2\jbr\bin\java.dll
0x00007ff850790000 - 0x00007ff8507a7000 	C:\Program Files\JetBrains\IntelliJ IDEA 2019.3.2\jbr\bin\zip.dll
0x00007ff858570000 - 0x00007ff85857b000 	C:\Program Files\JetBrains\IntelliJ IDEA 2019.3.2\jbr\bin\jimage.dll

dbghelp: loaded successfully - version: 4.0.5 - missing functions: none
symbol engine: initialized successfully - sym options: 0x614 - pdb path: .;C:\Program Files\JetBrains\IntelliJ IDEA 2019.3.2\jbr\bin;C:\Windows\SYSTEM32;C:\Windows\WinSxS\amd64_microsoft.windows.common-controls_6595b64144ccf1df_6.0.18362.1082_none_9e8193e1e45b25c1;C:\Program Files\JetBrains\IntelliJ IDEA 2019.3.2\jbr\bin\server

VM Arguments:
java_command: org.jetbrains.git4idea.http.GitAskPassApp Username for 'https://gitlab.com': 
java_class_path (initial): C:/Program Files/JetBrains/IntelliJ IDEA 2019.3.2/plugins/git4idea/lib/git4idea-rt.jar;C:/Program Files/JetBrains/IntelliJ IDEA 2019.3.2/lib/xmlrpc-2.0.1.jar;C:/Program Files/JetBrains/IntelliJ IDEA 2019.3.2/lib/commons-codec-1.13.jar;C:/Program Files/JetBrains/IntelliJ IDEA 2019.3.2/lib/util.jar
Launcher Type: SUN_STANDARD

[Global flags]
     intx CICompilerCount                          = 4                                         {product} {ergonomic}
     uint ConcGCThreads                            = 2                                         {product} {ergonomic}
     uint G1ConcRefinementThreads                  = 8                                         {product} {ergonomic}
   size_t G1HeapRegionSize                         = 1048576                                   {product} {ergonomic}
    uintx GCDrainStackTargetSize                   = 64                                        {product} {ergonomic}
   size_t InitialHeapSize                          = 264241152                                 {product} {ergonomic}
   size_t MarkStackSize                            = 4194304                                   {product} {ergonomic}
   size_t MaxHeapSize                              = 4217372672                                {product} {ergonomic}
   size_t MinHeapDeltaBytes                        = 1048576                                   {product} {ergonomic}
    uintx NonNMethodCodeHeapSize                   = 5836300                                {pd product} {ergonomic}
    uintx NonProfiledCodeHeapSize                  = 122910970                              {pd product} {ergonomic}
    uintx ProfiledCodeHeapSize                     = 122910970                              {pd product} {ergonomic}
    uintx ReservedCodeCacheSize                    = 251658240                              {pd product} {ergonomic}
     bool SegmentedCodeCache                       = true                                      {product} {ergonomic}
     bool UseCompressedClassPointers               = true                                 {lp64_product} {ergonomic}
     bool UseCompressedOops                        = true                                 {lp64_product} {ergonomic}
     bool UseG1GC                                  = true                                      {product} {ergonomic}
     bool UseLargePagesIndividualAllocation        = false                                  {pd product} {ergonomic}

Logging:
Log output configuration:
 #0: stdout all=warning uptime,level,tags
 #1: stderr all=off uptime,level,tags

Environment Variables:
JAVA_HOME=C:\Program Files\Java\jdk-11.0.8
PATH=C:\Program Files\Git\mingw64\libexec\git-core;C:\Program Files\Git\mingw64\libexec\git-core;C:\Program Files\Git\mingw64\bin;C:\Program Files\Git\usr\bin;C:\Users\gerald.garinga\bin;C:\Program Files\Common Files\Oracle\Java\javapath;C:\Program Files (x86)\Common Files\Oracle\Java\javapath;C:\Windows\system32;C:\Windows;C:\Windows\System32\Wbem;C:\Windows\System32\WindowsPowerShell\v1.0;C:\Windows\System32\OpenSSH;C:\Program Files\nodejs;C:\Program Files\Git\cmd;C:\Program Files\apache-maven-3.6.3\bin;C:\Program Files\MySQL\MySQL Shell 8.0\bin;C:\Users\gerald.garinga\AppData\Local\Microsoft\WindowsApps;C:\Users\gerald.garinga\AppData\Local\Programs\Microsoft VS Code\bin;C:\Users\gerald.garinga\AppData\Roaming\npm
USERNAME=Gerald.Garinga
DISPLAY=:0.0
OS=Windows_NT
PROCESSOR_IDENTIFIER=Intel64 Family 6 Model 158 Stepping 13, GenuineIntel



---------------  S Y S T E M  ---------------

OS: Windows 10 , 64 bit Build 18362 (10.0.18362.1082)

CPU:total 8 (initial active 8) (4 cores per cpu, 2 threads per core) family 6 model 158 stepping 13, cmov, cx8, fxsr, mmx, sse, sse2, sse3, ssse3, sse4.1, sse4.2, popcnt, avx, avx2, aes, clmul, erms, 3dnowpref, lzcnt, ht, tsc, tscinvbit, bmi1, bmi2, adx, fma

Memory: 4k page, system-wide physical 16086M (4553M free)
TotalPageFile size 65199M (AvailPageFile size 150M)
current process WorkingSet (physical memory assigned to process): 10M, peak: 10M
current process commit charge ("private bytes"): 60M, peak: 312M

vm_info: OpenJDK 64-Bit Server VM (11.0.5+10-b520.30) for windows-amd64 JRE (11.0.5+10-b520.30), built on Dec 24 2019 12:06:09 by "" with MS VC++ 14.0 (VS2015)

END.
